Sender: LSF System <lsfadmin@node135.hpc.local>
Subject: Job 50355537: <Rscript --vanilla /project/mathilab/bbita/gwas_admix/height_prediction/strat_prs/scripts/strat_prs_penn_eur.R 10000 AA> in cluster <pennhpc> Exited

Job <Rscript --vanilla /project/mathilab/bbita/gwas_admix/height_prediction/strat_prs/scripts/strat_prs_penn_eur.R 10000 AA> was submitted from host <node062.hpc.local> by user <bbita> in cluster <pennhpc>.
Job was executed on host(s) <node135.hpc.local>, in queue <normal>, as user <bbita> in cluster <pennhpc>.
</home/bbita> was used as the home directory.
</project/mathilab/bbita/gwas_admix/height_prediction/strat_prs> was used as the working directory.
Started at Results reported on 
Your job looked like:

------------------------------------------------------------
# LSBATCH: User input
Rscript --vanilla /project/mathilab/bbita/gwas_admix/height_prediction/strat_prs/scripts/strat_prs_penn_eur.R 10000 AA
------------------------------------------------------------

Exited with exit code 1.

Resource usage summary:

    CPU time :                                   702.10 sec.
    Max Memory :                                 1299 MB
    Average Memory :                             1260.93 MB
    Total Requested Memory :                     -
    Delta Memory :                               -
    Max Swap :                                   -
    Max Processes :                              5
    Max Threads :                                7
    Run time :                                   703 sec.
    Turnaround time :                            705 sec.

The output (if any) follows:

During startup - Warning message:
Setting LC_CTYPE failed, using "C" 

Attaching package: 'dplyr'

The following objects are masked from 'package:data.table':

    between, first, last

The following objects are masked from 'package:stats':

    filter, lag

The following objects are masked from 'package:base':

    intersect, setdiff, setequal, union

Loading required package: tcltk
Warning message:
no DISPLAY variable so Tk is not available 
[[1]]
              POS RATE_cM_Mb     MAP_cM CHR
     1:     55550   2.981822   0.000000   1
     2:     82571   2.082414   0.080572   1
     3:     88169   2.081358   0.092229   1
     4:    254996   3.354927   0.439456   1
     5:    564598   2.887498   1.478148   1
    ---                                    
256891: 249209140   0.776264 286.271582   1
256892: 249210707   0.779451 286.272799   1
256893: 249218281   0.784443 286.278702   1
256894: 249218650   0.709445 286.278992   1
256895: 249218992   0.000000 286.279234   1

[[2]]
              POS RATE_cM_Mb     MAP_cM CHR
     1:     12994   0.339408   0.000000   2
     2:     15491   0.336057   0.000848   2
     3:     15672   0.308424   0.000908   2
     4:     15703   0.273441   0.000918   2
     5:     16111   0.232868   0.001029   2
    ---                                    
286351: 243048524   0.122849 268.832728   2
286352: 243048760   0.133203 268.832757   2
286353: 243052331   0.136364 268.833233   2
286354: 243061510   0.174241 268.834484   2
286355: 243090997   0.000000 268.839622   2

[[3]]
              POS RATE_cM_Mb     MAP_cM CHR
     1:     61113   2.699484   0.000000   3
     2:     61495   0.980191   0.001031   3
     3:     62226   0.854964   0.001748   3
     4:     62309   0.766304   0.001819   3
     5:     62614   0.591360   0.002052   3
    ---                                    
223356: 197848125   1.746993 223.263675   3
223357: 197863599   6.192360 223.290708   3
223358: 197870963   6.978134 223.336309   3
223359: 197871081   6.951771 223.337132   3
223360: 197874528   0.000000 223.361095   3

[[4]]
              POS RATE_cM_Mb     MAP_cM CHR
     1:     12906   0.211331   0.000000   4
     2:     14705   0.191580   0.000380   4
     3:     18584   0.849372   0.001123   4
     4:     27565   0.849373   0.008752   4
     5:     27762   0.981656   0.008919   4
    ---                                    
211111: 190986077   1.923688 214.611895   4
211112: 190986319   1.700176 214.612361   4
211113: 191015335   2.009291 214.661693   4
211114: 191028578   2.595726 214.688302   4
211115: 191028645   0.000000 214.688476   4

[[5]]
              POS RATE_cM_Mb     MAP_cM CHR
     1:     20583   7.820390   0.000000   5
     2:     25452   0.028186   0.038077   5
     3:     26366   0.026702   0.038103   5
     4:     27564   0.026449   0.038135   5
     5:     28949   0.026441   0.038172   5
    ---                                    
215410: 180711115   0.082949 204.086916   5
215411: 180714439   1.594197 204.087191   5
215412: 180715221   1.561103 204.088438   5
215413: 180715547   1.559063 204.088947   5
215414: 180715810   0.000000 204.089357   5

[[6]]
              POS RATE_cM_Mb     MAP_cM CHR
     1:     92012   2.732502   0.000000   6
     2:    150272   3.584674   0.159196   6
     3:    152749   3.946973   0.168075   6
     4:    153500   3.869467   0.171039   6
     5:    154536   1.765103   0.175048   6
    ---                                    
234418: 171011218   0.005981 192.038561   6
234419: 171012297   0.033965 192.038567   6
234420: 171045710   0.038541 192.039702   6
234421: 171051314   0.069838 192.039918   6
234422: 171051316   0.000000 192.039918   6

[[7]]
              POS RATE_cM_Mb     MAP_cM CHR
     1:     35326   0.251801   0.000000   7
     2:     35411   0.482009   0.000021   7
     3:     40483   0.598191   0.002466   7
     4:     40852   0.599253   0.002687   7
     5:     41421   0.592293   0.003028   7
    ---                                    
184226: 159119486   1.571912 187.152447   7
184227: 159125187  27.760223 187.161408   7
184228: 159125560  40.152060 187.171763   7
184229: 159126632  40.101383 187.214806   7
184230: 159126774   0.000000 187.220500   7

[[8]]
              POS RATE_cM_Mb     MAP_cM CHR
     1:    163784   0.324916   0.000000   8
     2:    164984   0.324445   0.000390   8
     3:    165982   0.467017   0.000714   8
     4:    166322   0.397503   0.000872   8
     5:    166851   0.386317   0.001083   8
    ---                                    
191058: 146295666   0.190654 168.001910   8
191059: 146298576   0.254879 168.002465   8
191060: 146300287   0.337787 168.002901   8
191061: 146300622   0.801269 168.003014   8
191062: 146301156   0.000000 168.003442   8

[[9]]
              POS RATE_cM_Mb     MAP_cM CHR
     1:     40910   5.326823   0.000000   9
     2:     46431   3.618885   0.029409   9
     3:     46587   3.649626   0.029974   9
     4:     47123   3.653733   0.031930   9
     5:     48515   1.849597   0.037016   9
    ---                                    
157996: 141087366   0.733670 166.342717   9
157997: 141088413   0.714014 166.343485   9
157998: 141088641   0.703842 166.343648   9
157999: 141108111   1.058778 166.357351   9
158000: 141109979   0.000000 166.359329   9

[[10]]
              POS RATE_cM_Mb     MAP_cM CHR
     1:     72765   0.124459   0.000000  10
     2:     94172   0.160359   0.002664  10
     3:     94426   0.158828   0.002705  10
     4:     95949   0.158845   0.002947  10
     5:     98087   0.158922   0.003287  10
    ---                                    
180744: 135446808   3.279045 180.955913  10
180745: 135447971   3.294459 180.959726  10
180746: 135499163   5.906078 181.128376  10
180747: 135499327   3.358621 181.129345  10
180748: 135503693   0.000000 181.144008  10

[[11]]
              POS RATE_cM_Mb     MAP_cM CHR
     1:    198062   0.940641   0.000000  11
     2:    198510   1.122313   0.000421  11
     3:    199256   3.226134   0.001259  11
     4:    200289   3.394278   0.004591  11
     5:    200308   3.587192   0.004656  11
    ---                                    
168860: 134944606   0.606214 158.218158  11
168861: 134944770   0.521380 158.218258  11
168862: 134945308   0.520008 158.218538  11
168863: 134945373   0.523320 158.218572  11
168864: 134945522   0.000000 158.218650  11

[[12]]
              POS RATE_cM_Mb     MAP_cM CHR
     1:    148673   0.905423   0.000000  12
     2:    154654   2.319747   0.005415  12
     3:    155658   4.435188   0.007744  12
     4:    157737   4.436663   0.016965  12
     5:    162755   4.440512   0.039228  12
    ---                                    
165353: 133777838   0.014335 174.679008  12
165354: 133777956   0.014358 174.679010  12
165355: 133778166   0.014480 174.679013  12
165356: 133778684   0.022578 174.679021  12
165357: 133778796   0.000000 174.679023  12

[[13]]
              POS RATE_cM_Mb     MAP_cM CHR
     1:  19021222   6.030216   0.000000  13
     2:  19021651   6.030145   0.002587  13
     3:  19022393   2.355175   0.007061  13
     4:  19030655   1.553230   0.026520  13
     5:  19031308   1.552978   0.027534  13
    ---                                    
136650: 115103150   0.119211 125.704447  13
136651: 115103529   0.119480 125.704493  13
136652: 115104241   0.634465 125.704578  13
136653: 115105448   0.628084 125.705344  13
136654: 115106996   0.000000 125.706316  13

[[14]]
              POS RATE_cM_Mb     MAP_cM CHR
     1:  19619850   2.758648   0.000000  14
     2:  19789146   2.767203   0.467028  14
     3:  19789574   2.766860   0.468212  14
     4:  19971095   2.764046   0.970456  14
     5:  20148498   2.762211   1.460806  14
    ---                                    
107955: 107286044   0.548629 120.201282  14
107956: 107286267   0.551590 120.201405  14
107957: 107286497   0.557479 120.201532  14
107958: 107287663   0.562706 120.202182  14
107959: 107288377   0.000000 120.202583  14

[[15]]
             POS RATE_cM_Mb     MAP_cM CHR
    1:  20014981   0.079889   0.000000  15
    2:  20049831   0.093872   0.002784  15
    3:  20055634   0.093912   0.003329  15
    4:  20071673   0.093949   0.004835  15
    5:  20071765   0.094013   0.004844  15
   ---                                    
93105: 102398060   1.040952 141.345939  15
93106: 102398213   1.104644 141.346098  15
93107: 102398631   4.779436 141.346560  15
93108: 102505839   4.777602 141.858953  15
93109: 102506108   0.000000 141.860238  15

[[16]]
            POS RATE_cM_Mb     MAP_cM CHR
    1:    84045   0.385028   0.000000  16
    2:    84170   0.496493   0.000048  16
    3:    85057   0.496790   0.000489  16
    4:    85065   0.490654   0.000492  16
    5:    85561   0.488585   0.000736  16
   ---                                   
92990: 90161292   1.093075 134.035187  16
92991: 90161979   1.086322 134.035938  16
92992: 90162733   1.127292 134.036757  16
92993: 90163275   1.144804 134.037368  16
92994: 90163588   0.000000 134.037726  16

[[17]]
            POS RATE_cM_Mb     MAP_cM CHR
    1:    13043   3.745829   0.000000  17
    2:    41084   3.748065   0.105037  17
    3:    51088   2.578174   0.142532  17
    4:    52467   2.573723   0.146088  17
    5:    53011   2.532886   0.147488  17
   ---                                   
74670: 81035823   1.860777 128.456026  17
74671: 81036344   3.538117 128.456995  17
74672: 81041077   3.549586 128.473741  17
74673: 81043909   4.952810 128.483793  17
74674: 81045269   0.000000 128.490529  17

[[18]]
             POS RATE_cM_Mb     MAP_cM CHR
     1:    11523   4.913878   0.000000  18
     2:    11543   6.288042   0.000098  18
     3:    11816   6.356876   0.001815  18
     4:    12092   6.598017   0.003569  18
     5:    12183   7.287963   0.004170  18
    ---                                   
102709: 78011963   0.510474 117.707178  18
102710: 78012929   0.523490 117.707671  18
102711: 78014320   0.551272 117.708400  18
102712: 78014582   0.633247 117.708544  18
102713: 78015180   0.000000 117.708923  18

[[19]]
            POS RATE_cM_Mb     MAP_cM CHR
    1:   253938   0.154179   0.000000  19
    2:   256859   0.154528   0.000450  19
    3:   259772   0.154530   0.000900  19
    4:   260970   0.154697   0.001086  19
    5:   261033   0.154888   0.001095  19
   ---                                   
46960: 59087551   0.194184 107.731562  19
46961: 59089792   0.248777 107.731997  19
46962: 59093239   0.251643 107.732855  19
46963: 59096950   0.272828 107.733789  19
46964: 59097160   0.000000 107.733846  19

[[20]]
            POS RATE_cM_Mb     MAP_cM CHR
    1:    61795   0.735716   0.000000  20
    2:    63231   0.734243   0.001056  20
    3:    63244   0.734147   0.001066  20
    4:    63799   0.734513   0.001473  20
    5:    64150   0.742335   0.001731  20
   ---                                   
82958: 62911343   0.800806 108.212250  20
82959: 62911391   0.948073 108.212289  20
82960: 62912463   0.785065 108.213305  20
82961: 62915231   1.503945 108.215478  20
82962: 62949445   0.000000 108.266934  20

[[21]]
            POS RATE_cM_Mb    MAP_cM CHR
    1: 10865933   1.291620  0.000000  21
    2: 10906723   0.496586  0.052685  21
    3: 10906915   0.424224  0.052781  21
    4: 10906989   0.419481  0.052812  21
    5: 10907208   0.416909  0.052904  21
   ---                                  
44716: 48089527   0.767268 62.771445  21
44717: 48090629   0.899327 62.772290  21
44718: 48095858   2.205359 62.776993  21
44719: 48097610   2.208893 62.780857  21
44720: 48100155   0.000000 62.786478  21

[[22]]
            POS RATE_cM_Mb    MAP_cM CHR
    1: 16051347   8.096992  0.000000  22
    2: 16052618   8.131520  0.010291  22
    3: 16053624   8.131967  0.018472  22
    4: 16053659   8.132625  0.018756  22
    5: 16053758   8.129606  0.019561  22
   ---                                  
45325: 51216564   0.644309 74.100959  22
45326: 51217134   0.643938 74.101326  22
45327: 51222100   0.648707 74.104524  22
45328: 51223637   0.655239 74.105521  22
45329: 51229805   0.000000 74.109562  22

[[1]]
              POS   deCODE COMBINED_LD   YRI_LD   CEU_LD   AA_Map
     1:     82571   0.0000      0.0000   0.0000   0.0000   0.0000
     2:     88169   0.0000      0.0000   0.0000   0.0000   0.0000
     3:    564598   0.0000      0.0007   0.0000   0.0000   0.0000
     4:    564621   0.0000      0.0007   0.0000   0.0000   0.0000
     5:    565433   0.0000      0.0007   0.0000   0.0000   0.0000
    ---                                                          
268043: 249209140 262.0083    278.0852 280.7067 273.6291 285.8845
268044: 249210707 262.0083    278.0861 280.7088 273.6298 285.8845
268045: 249211350 262.0083    278.0865 280.7096 273.6300 285.8845
268046: 249218281 262.0083    278.0908 280.7186 273.6329 285.8845
268047: 249218650 262.0083    278.0911 280.7190 273.6330 285.8845
        African_Enriched Shared_Map
     1:           0.0000     0.0000
     2:           0.0000     0.0000
     3:           0.0000     0.0000
     4:           0.0000     0.0000
     5:           0.0000     0.0000
    ---                            
268043:         252.3249   262.1018
268044:         252.3249   262.1018
268045:         252.3249   262.1018
268046:         252.3249   262.1018
268047:         252.3249   262.1018

[[2]]
              POS   deCODE COMBINED_LD   YRI_LD   CEU_LD   AA_Map
     1:     12994   0.0000      0.0000   0.0000   0.0000   0.0000
     2:     15491   0.0000      0.0008   0.0015   0.0010   0.0000
     3:     15672   0.0000      0.0009   0.0016   0.0011   0.0000
     4:     15703   0.0000      0.0009   0.0016   0.0011   0.0000
     5:     16111   0.0000      0.0010   0.0019   0.0012   0.0000
    ---                                                          
291985: 243048524 244.0365    263.4476 263.8955 267.6797 271.0751
291986: 243048760 244.0365    263.4476 263.8956 267.6797 271.0751
291987: 243052331 244.0365    263.4480 263.8964 267.6801 271.0751
291988: 243061510 244.0365    263.4492 263.8986 267.6811 271.0751
291989: 243090997 244.0365    263.4546 263.9056 267.6849 271.0751
        African_Enriched Shared_Map
     1:           0.0000     0.0000
     2:           0.0000     0.0000
     3:           0.0000     0.0000
     4:           0.0000     0.0000
     5:           0.0000     0.0000
    ---                            
291985:         246.1225   244.6571
291986:         246.1225   244.6571
291987:         246.1225   244.6571
291988:         246.1225   244.6571
291989:         246.1225   244.6571

[[3]]
              POS  deCODE COMBINED_LD   YRI_LD   CEU_LD   AA_Map
     1:     61044   0.000      0.0000   0.0000   0.0000   0.0000
     2:     61113   0.000      0.0000   0.0000   0.0000   0.0000
     3:     61495   0.000      0.0008   0.0004   0.0008   0.0000
     4:     62226   0.000      0.0016   0.0010   0.0022   0.0000
     5:     62309   0.000      0.0016   0.0011   0.0024   0.0000
    ---                                                         
228132: 197848125 209.976    224.5497 220.2249 223.0070 226.7325
228133: 197863599 209.976    224.5564 220.2266 223.0158 226.7325
228134: 197870963 209.976    224.5926 220.3263 223.0200 226.7325
228135: 197871081 209.976    224.5934 220.3279 223.0201 226.7325
228136: 197874528 209.976    224.6176 220.3743 223.0221 226.7325
        African_Enriched Shared_Map
     1:           0.0000     0.0000
     2:           0.0000     0.0000
     3:           0.0000     0.0000
     4:           0.0000     0.0000
     5:           0.0000     0.0000
    ---                            
228132:         197.9439   212.3154
228133:         197.9439   212.3154
228134:         197.9439   212.3154
228135:         197.9439   212.3154
228136:         197.9439   212.3154

[[4]]
              POS   deCODE COMBINED_LD   YRI_LD   CEU_LD  AA_Map
     1:     18584   0.0000      0.0000   0.0000   0.0000   0.000
     2:     27565   0.0000      0.0141   0.0378   0.0026   0.000
     3:     27762   0.0000      0.0144   0.0386   0.0026   0.000
     4:     27955   0.0000      0.0148   0.0396   0.0027   0.000
     5:     28313   0.0000      0.0155   0.0416   0.0028   0.000
    ---                                                         
215714: 190976712 197.4801    213.0454 213.7321 213.3107 211.979
215715: 190981961 197.4801    213.0493 213.7410 213.3128 211.979
215716: 190986077 197.4801    213.0524 213.7479 213.3144 211.979
215717: 191015335 197.4801    213.0796 213.7918 213.3250 211.979
215718: 191028578 197.4801    213.1866 213.8140 213.5168 211.979
        African_Enriched Shared_Map
     1:           0.0000     0.0000
     2:           0.0000     0.0000
     3:           0.0000     0.0000
     4:           0.0000     0.0000
     5:           0.0000     0.0000
    ---                            
215714:         186.4646   197.2296
215715:         186.4646   197.2296
215716:         186.4646   197.2296
215717:         186.4646   197.2296
215718:         186.4646   197.2296

[[5]]
              POS   deCODE COMBINED_LD   YRI_LD   CEU_LD  AA_Map
     1:     25452   0.0000      0.0000   0.0408   0.0000   0.000
     2:     26366   0.0000      0.0001   0.0409   0.0001   0.000
     3:     28949   0.0000      0.0002   0.0411   0.0003   0.000
     4:     33799   0.0000      0.0005   0.0414   0.0008   0.000
     5:     35000   0.0000      0.0005   0.0415   0.0009   0.000
    ---                                                         
219003: 180711115 189.5841    203.9796 205.0144 202.0769 205.458
219004: 180714439 189.5841    203.9800 205.0146 202.0773 205.458
219005: 180715221 189.5841    203.9810 205.0146 202.0782 205.458
219006: 180715547 189.5841    203.9814 205.0146 202.0786 205.458
219007: 180715810 189.5841    203.9817 205.0146 202.0789 205.458
        African_Enriched Shared_Map
     1:           0.0000     0.0000
     2:           0.0000     0.0000
     3:           0.0000     0.0000
     4:           0.0000     0.0000
     5:           0.0000     0.0000
    ---                            
219003:         179.2673   191.3517
219004:         179.2673   191.3517
219005:         179.2673   191.3517
219006:         179.2673   191.3517
219007:         179.2673   191.3517

[[6]]
              POS   deCODE COMBINED_LD   YRI_LD   CEU_LD   AA_Map
     1:    149609   0.0000      0.0000   0.1935   0.0000   0.0000
     2:    150272   0.0000      0.0004   0.1937   0.0000   0.0000
     3:    152749   0.0000      0.0019   0.1941   0.0001   0.0000
     4:    153500   0.0000      0.0024   0.1942   0.0001   0.0000
     5:    154536   0.0000      0.0030   0.1944   0.0001   0.0000
    ---                                                          
238952: 170919470 174.7508    193.0150 197.8303 188.0318 195.2875
238953: 170985833 174.7508    193.0208 197.8470 188.0323 195.2875
238954: 170985837 174.7508    193.0208 197.8470 188.0323 195.2875
238955: 171009449 174.7508    193.0210 197.8470 188.0325 195.2875
238956: 171011218 174.7508    193.0210 197.8470 188.0325 195.2875
        African_Enriched Shared_Map
     1:           0.0000     0.0000
     2:           0.0000     0.0000
     3:           0.0000     0.0000
     4:           0.0000     0.0000
     5:           0.0000     0.0000
    ---                            
238952:         176.2302   176.9832
238953:         176.2302   176.9832
238954:         176.2302   176.9832
238955:         176.2302   176.9832
238956:         176.2302   176.9832

[[7]]
              POS   deCODE COMBINED_LD   YRI_LD   CEU_LD  AA_Map
     1:     35411   0.0000      0.0000   0.0000   0.0000   0.000
     2:     40483   0.0000      0.0035   0.0000   0.0046   0.000
     3:     40852   0.0000      0.0038   0.0003   0.0049   0.000
     4:     41421   0.0000      0.0042   0.0008   0.0054   0.000
     5:     41892   0.0000      0.0046   0.0012   0.0058   0.000
    ---                                                         
187974: 159119486 172.3561    186.9311 185.3152 186.0653 187.351
187975: 159125187 172.3561    186.9404 185.3329 186.0733 187.351
187976: 159125560 172.3561    186.9501 185.3341 186.0987 187.351
187977: 159126632 172.3561    186.9903 185.3341 186.1717 187.351
187978: 159126774 172.3561    186.9957 185.3341 186.1813 187.351
        African_Enriched Shared_Map
     1:           0.0000     0.0000
     2:           0.0000     0.0000
     3:           0.0000     0.0000
     4:           0.0000     0.0000
     5:           0.0000     0.0000
    ---                            
187974:         166.6362   172.3051
187975:         166.6362   172.3051
187976:         166.6362   172.3051
187977:         166.6362   172.3051
187978:         166.6362   172.3051

[[8]]
              POS   deCODE COMBINED_LD   YRI_LD   CEU_LD   AA_Map
     1:    165982   0.0000      0.0000   0.0000   0.0008   0.0000
     2:    166322   0.0000      0.0001   0.0002   0.0009   0.0000
     3:    168012   0.0000      0.0007   0.0009   0.0015   0.0000
     4:    168484   0.0000      0.0008   0.0011   0.0017   0.0000
     5:    176818   0.0000      0.0031   0.0042   0.0046   0.0000
    ---                                                          
193453: 146293086 156.5281    170.2186 172.2664 165.6291 171.7022
193454: 146293414 156.5281    170.2187 172.2667 165.6292 171.7022
193455: 146295666 156.5281    170.2193 172.2680 165.6296 171.7022
193456: 146300287 156.5281    170.2204 172.2705 165.6305 171.7022
193457: 146300622 156.5281    170.2205 172.2707 165.6305 171.7022
        African_Enriched Shared_Map
     1:           0.0000      0.000
     2:           0.0000      0.000
     3:           0.0000      0.000
     4:           0.0000      0.000
     5:           0.0000      0.000
    ---                            
193453:         153.2189    157.278
193454:         153.2189    157.278
193455:         153.2189    157.278
193456:         153.2189    157.278
193457:         153.2189    157.278

[[9]]
              POS   deCODE COMBINED_LD   YRI_LD   CEU_LD   AA_Map
     1:     40910   0.0000      0.0000   0.0000   0.0000   0.0000
     2:     46431   0.0000      0.0107   0.0068   0.0146   0.0000
     3:     46587   0.0000      0.0109   0.0070   0.0151   0.0000
     4:     47123   0.0000      0.0116   0.0076   0.0165   0.0000
     5:     48515   0.0000      0.0135   0.0091   0.0202   0.0000
    ---                                                          
160814: 141087366 146.2886    168.3101 161.2016 162.3467 161.1372
160815: 141088413 146.2886    168.3113 161.2044 162.3472 161.1372
160816: 141088641 146.2886    168.3115 161.2049 162.3473 161.1372
160817: 141108111 146.2886    168.3324 161.2558 162.3544 161.1372
160818: 141109979 146.2886    168.3353 161.2607 162.3553 161.1372
        African_Enriched Shared_Map
     1:           0.0000     0.0000
     2:           0.0000     0.0000
     3:           0.0000     0.0000
     4:           0.0000     0.0000
     5:           0.0000     0.0000
    ---                            
160814:         145.6492   145.6394
160815:         145.6492   145.6394
160816:         145.6492   145.6394
160817:         145.6492   145.6394
160818:         145.6492   145.6394

[[10]]
              POS   deCODE COMBINED_LD   YRI_LD   CEU_LD   AA_Map
     1:     72765   0.0000      0.0000   0.0000   0.0000   0.0000
     2:     94172   0.0000      0.0027   0.0020   0.0034   0.0000
     3:     94426   0.0000      0.0027   0.0020   0.0034   0.0000
     4:     95949   0.0000      0.0030   0.0021   0.0036   0.0000
     5:     98087   0.0000      0.0033   0.0023   0.0040   0.0000
    ---                                                          
173759: 135447971 160.4082    179.1616 178.9507 174.9489 178.0272
173760: 135462583 160.4082    179.2239 179.1204 174.9632 178.0272
173761: 135477883 160.4082    179.2891 179.2981 174.9782 178.0272
173762: 135499163 160.4082    179.3798 179.5452 174.9990 178.0272
173763: 135499327 160.4082    179.3816 179.5471 175.0007 178.0272
        African_Enriched Shared_Map
     1:           0.0000     0.0000
     2:           0.0000     0.0000
     3:           0.0000     0.0000
     4:           0.0000     0.0000
     5:           0.0000     0.0000
    ---                            
173759:         160.5453   160.5828
173760:         160.5453   160.5828
173761:         160.5453   160.5828
173762:         160.5453   160.5828
173763:         160.5453   160.5828

[[11]]
              POS   deCODE COMBINED_LD   YRI_LD   CEU_LD   AA_Map
     1:    198510   0.0000      0.0000   0.0000   0.0000   0.0000
     2:    199256   0.0000      0.0009   0.0000   0.0009   0.0000
     3:    200289   0.0000      0.0044   0.0079   0.0021   0.0000
     4:    200308   0.0000      0.0044   0.0080   0.0021   0.0000
     5:    201027   0.0000      0.0072   0.0145   0.0029   0.0000
    ---                                                          
173231: 134944606 143.8831    159.5385 160.8674 161.0182 161.5338
173232: 134944770 143.8831    159.5386 160.8674 161.0183 161.5338
173233: 134945308 143.8831    159.5390 160.8674 161.0185 161.5338
173234: 134945373 143.8831    159.5391 160.8674 161.0185 161.5338
173235: 134945522 143.8831    159.5392 160.8674 161.0186 161.5338
        African_Enriched Shared_Map
     1:           0.0000     0.0000
     2:           0.0000     0.0000
     3:           0.0000     0.0000
     4:           0.0000     0.0000
     5:           0.0000     0.0000
    ---                            
173231:         146.1758   144.5215
173232:         146.1758   144.5215
173233:         146.1758   144.5215
173234:         146.1758   144.5215
173235:         146.1758   144.5215

[[12]]
              POS   deCODE COMBINED_LD   YRI_LD   CEU_LD   AA_Map
     1:    154654   0.0000      0.0000   0.0032   0.0000   0.0000
     2:    155658   0.0000      0.0013   0.0037   0.0000   0.0000
     3:    157737   0.0000      0.0092   0.0048   0.0180   0.0000
     4:    162755   0.0000      0.0281   0.0074   0.0616   0.0000
     5:    170646   0.0000      0.0579   0.0116   0.1301   0.0000
    ---                                                          
169020: 133777838 156.4082    172.9953 170.7862 168.6893 171.3229
169021: 133777956 156.4082    172.9953 170.7862 168.6893 171.3229
169022: 133778166 156.4082    172.9953 170.7862 168.6893 171.3229
169023: 133778684 156.4082    172.9953 170.7862 168.6893 171.3229
169024: 133778796 156.4082    172.9953 170.7862 168.6893 171.3229
        African_Enriched Shared_Map
     1:           0.0000     0.0000
     2:           0.0000     0.0000
     3:           0.0000     0.0000
     4:           0.0000     0.0000
     5:           0.0000     0.0000
    ---                            
169020:         154.2724   155.4156
169021:         154.2724   155.4156
169022:         154.2724   155.4156
169023:         154.2724   155.4156
169024:         154.2724   155.4156

[[13]]
              POS   deCODE COMBINED_LD   YRI_LD   CEU_LD   AA_Map
     1:  19031308   0.0000      0.0000   0.0000   0.0000   0.0000
     2:  19034212   0.0000      0.0023   0.0000   0.0009   0.0000
     3:  19045626   0.0000      0.0154   0.0321   0.0044   0.0000
     4:  19046705   0.0000      0.0166   0.0351   0.0047   0.0000
     5:  19053094   0.0000      0.0240   0.0533   0.0067   0.0000
    ---                                                          
138300: 115103150 119.3445    127.2313 129.0134 125.8665 130.3025
138301: 115103529 119.3445    127.2313 129.0135 125.8665 130.3025
138302: 115104241 119.3445    127.2314 129.0137 125.8666 130.3025
138303: 115105448 119.3445    127.2322 129.0158 125.8666 130.3025
138304: 115106996 119.3445    127.2331 129.0184 125.8667 130.3025
        African_Enriched Shared_Map
     1:           0.0000     0.0000
     2:           0.0000     0.0000
     3:           0.0000     0.0000
     4:           0.0000     0.0000
     5:           0.0000     0.0000
    ---                            
138300:         116.2569   119.4519
138301:         116.2569   119.4519
138302:         116.2569   119.4519
138303:         116.2569   119.4519
138304:         116.2569   119.4519

[[14]]
              POS   deCODE COMBINED_LD   YRI_LD   CEU_LD   AA_Map
     1:  19619850   0.0000      0.0000   0.0000   0.0000   0.0000
     2:  19789146   0.0000      0.0002   0.0000   0.0000   0.0000
     3:  19789574   0.0000      0.0002   0.0000   0.0030   0.0000
     4:  19971095   0.0000      0.0004   0.0000   0.0030   0.0000
     5:  20148498   0.0000      0.0005   0.0000   0.0030   0.0000
    ---                                                          
110331: 107286044 104.8348    117.1088 115.0001 118.8895 116.2683
110332: 107286267 104.8348    117.1089 115.0003 118.8896 116.2683
110333: 107286497 104.8348    117.1090 115.0005 118.8898 116.2683
110334: 107287663 104.8348    117.1097 115.0014 118.8908 116.2683
110335: 107288377 104.8348    117.1102 115.0019 118.8914 116.2683
        African_Enriched Shared_Map
     1:           0.0000     0.0000
     2:           0.0000     0.0000
     3:           0.0000     0.0000
     4:           0.0000     0.0000
     5:           0.0000     0.0000
    ---                            
110331:         106.6331   104.0492
110332:         106.6331   104.0492
110333:         106.6331   104.0492
110334:         106.6331   104.0492
110335:         106.6331   104.0492

[[15]]
             POS   deCODE COMBINED_LD   YRI_LD   CEU_LD   AA_Map
    1:  20049831   0.0000      0.0000   0.0000   0.0011   0.0000
    2:  20055634   0.0000      0.0006   0.0010   0.0013   0.0000
    3:  20071673   0.0000      0.0021   0.0038   0.0018   0.0000
    4:  20071765   0.0000      0.0021   0.0038   0.0018   0.0000
    5:  20078165   0.0000      0.0028   0.0050   0.0022   0.0000
   ---                                                          
95530: 102398863 110.9368    131.4327 128.3217 131.6471 122.2307
95531: 102400037 110.9368    131.4327 128.3217 131.6471 122.2307
95532: 102442504 110.9368    131.4327 128.3217 131.6471 122.2307
95533: 102505839 110.9368    131.4328 128.3217 131.6471 122.2307
95534: 102506108 110.9368    131.4340 128.3217 131.6488 122.2307
       African_Enriched Shared_Map
    1:           0.0000     0.0000
    2:           0.0000     0.0000
    3:           0.0000     0.0000
    4:           0.0000     0.0000
    5:           0.0000     0.0000
   ---                            
95530:         113.1579   108.7705
95531:         113.1579   108.7705
95532:         113.1579   108.7705
95533:         113.1579   108.7705
95534:         113.1579   108.7705

[[16]]
            POS   deCODE COMBINED_LD   YRI_LD   CEU_LD   AA_Map
    1:    84170   0.0000      0.0000   0.0000   0.0000   0.0000
    2:    85057   0.0000      0.0005   0.0008   0.0002   0.0000
    3:    85065   0.0000      0.0005   0.0008   0.0002   0.0000
    4:    85561   0.0000      0.0007   0.0013   0.0004   0.0000
    5:    85658   0.0000      0.0008   0.0014   0.0004   0.0000
   ---                                                         
97173: 90161292 118.6893    134.9893 128.2769 133.6182 128.8821
97174: 90161979 118.6893    134.9901 128.2779 133.6193 128.8821
97175: 90162733 118.6893    134.9910 128.2791 133.6206 128.8821
97176: 90163275 118.6893    134.9916 128.2799 133.6215 128.8821
97177: 90163588 118.6893    134.9920 128.2804 133.6221 128.8821
       African_Enriched Shared_Map
    1:           0.0000     0.0000
    2:           0.0000     0.0000
    3:           0.0000     0.0000
    4:           0.0000     0.0000
    5:           0.0000     0.0000
   ---                            
97173:         116.7938   117.7451
97174:         116.7938   117.7451
97175:         116.7938   117.7451
97176:         116.7938   117.7451
97177:         116.7938   117.7451

[[17]]
            POS   deCODE COMBINED_LD   YRI_LD   CEU_LD   AA_Map
    1:    13043   0.0000      0.0000   0.0000   0.0000   0.0000
    2:    13546   0.0000      0.0019   0.0000   0.0025   0.0000
    3:    13905   0.0000      0.0032   0.0000   0.0043   0.0000
    4:    15463   0.0000      0.0090   0.0000   0.0121   0.0000
    5:    18901   0.0000      0.0217   0.0000   0.0294   0.0000
   ---                                                         
79373: 81041077 119.6197    129.4552 124.6316 126.9826 132.2927
79374: 81041338 119.6197    129.4563 124.6329 126.9844 132.2927
79375: 81043039 119.6197    129.4635 124.6414 126.9959 132.2927
79376: 81043909 119.6197    129.4672 124.6458 127.0018 132.2927
79377: 81045269 119.6197    129.4752 124.6526 127.0111 132.2927
       African_Enriched Shared_Map
    1:           0.0000     0.0000
    2:           0.0000     0.0000
    3:           0.0000     0.0000
    4:           0.0000     0.0000
    5:           0.0000     0.0000
   ---                            
79373:         117.6974   119.3022
79374:         117.6974   119.3022
79375:         117.6974   119.3022
79376:         117.6974   119.3022
79377:         117.6974   119.3022

[[18]]
             POS   deCODE COMBINED_LD   YRI_LD   CEU_LD   AA_Map
     1:    11523   0.0000      0.0000   0.0000   0.0000   0.0000
     2:    11543   0.0000      0.0001   0.0001   0.0001   0.0000
     3:    11816   0.0000      0.0029   0.0017   0.0013   0.0000
     4:    12092   0.0000      0.0057   0.0034   0.0025   0.0000
     5:    12183   0.0000      0.0066   0.0040   0.0029   0.0000
    ---                                                         
103750: 78011963 105.7834    119.5602 121.3004 116.4910 120.6684
103751: 78012929 105.7834    119.5607 121.3016 116.4912 120.6684
103752: 78014320 105.7834    119.5614 121.3032 116.4914 120.6684
103753: 78014582 105.7834    119.5615 121.3035 116.4915 120.6684
103754: 78015180 105.7834    119.5619 121.3042 116.4916 120.6684
        African_Enriched Shared_Map
     1:           0.0000     0.0000
     2:           0.0000     0.0000
     3:           0.0000     0.0000
     4:           0.0000     0.0000
     5:           0.0000     0.0000
    ---                            
103750:         109.9926   106.5141
103751:         109.9926   106.5141
103752:         109.9926   106.5141
103753:         109.9926   106.5141
103754:         109.9926   106.5141

[[19]]
            POS deCODE COMBINED_LD  YRI_LD   CEU_LD   AA_Map African_Enriched
    1:   253938  0.000      0.0000  0.0000   0.0000   0.0000           0.0000
    2:   256859  0.000      0.0005  0.0002   0.0011   0.0000           0.0000
    3:   259772  0.000      0.0010  0.0004   0.0022   0.0000           0.0000
    4:   260912  0.000      0.0012  0.0005   0.0026   0.0000           0.0000
    5:   260970  0.000      0.0012  0.0005   0.0027   0.0000           0.0000
   ---                                                                       
51666: 59093239 93.034    107.8714 99.7583 112.6553 103.0875          93.2992
51667: 59093464 93.034    107.8715 99.7583 112.6554 103.0875          93.2992
51668: 59093484 93.034    107.8715 99.7583 112.6554 103.0875          93.2992
51669: 59094136 93.034    107.8716 99.7584 112.6557 103.0875          93.2992
51670: 59096950 93.034    107.8724 99.7589 112.6570 103.0875          93.2992
       Shared_Map
    1:     0.0000
    2:     0.0000
    3:     0.0000
    4:     0.0000
    5:     0.0000
   ---           
51666:    91.1299
51667:    91.1299
51668:    91.1299
51669:    91.1299
51670:    91.1299

[[20]]
            POS  deCODE COMBINED_LD   YRI_LD   CEU_LD   AA_Map African_Enriched
    1:    61795  0.0000      0.0000   0.0000   0.0000   0.0000           0.0000
    2:    63231  0.0000      0.0011   0.0007   0.0003   0.0000           0.0000
    3:    63244  0.0000      0.0011   0.0007   0.0003   0.0000           0.0000
    4:    63799  0.0000      0.0015   0.0009   0.0005   0.0000           0.0000
    5:    64150  0.0000      0.0018   0.0011   0.0006   0.0000           0.0000
   ---                                                                         
84625: 62911229 83.6206    108.0719 107.5679 109.7550 107.5669         110.5202
84626: 62911343 83.6206    108.0720 107.5680 109.7551 107.5669         110.5202
84627: 62911391 83.6206    108.0720 107.5681 109.7552 107.5669         110.5202
84628: 62912463 83.6206    108.0730 107.5697 109.7560 107.5669         110.5202
84629: 62915231 83.6206    108.0751 107.5739 109.7572 107.5669         110.5202
       Shared_Map
    1:      0.000
    2:      0.000
    3:      0.000
    4:      0.000
    5:      0.000
   ---           
84625:     83.037
84626:     83.037
84627:     83.037
84628:     83.037
84629:     83.037

[[21]]
            POS  deCODE COMBINED_LD  YRI_LD  CEU_LD  AA_Map African_Enriched
    1: 10865933  0.0000      0.0000  0.0000  0.0000  0.0000           0.0000
    2: 10906723  0.0000      0.0418  0.0383  0.0126  0.0000           0.0000
    3: 10906915  0.0000      0.0420  0.0385  0.0127  0.0000           0.0000
    4: 10906989  0.0000      0.0420  0.0386  0.0127  0.0000           0.0000
    5: 10907208  0.0000      0.0421  0.0387  0.0128  0.0000           0.0000
   ---                                                                      
45565: 48089527 54.7931     62.2834 63.2650 64.9819 65.6602          62.9329
45566: 48090629 54.7931     62.2843 63.2666 64.9823 65.6602          62.9329
45567: 48095858 54.7931     62.2888 63.2743 64.9861 65.6602          62.9329
45568: 48097610 54.7931     62.2926 63.2768 64.9944 65.6602          62.9329
45569: 48100155 54.7931     62.2981 63.2804 65.0064 65.6602          62.9329
       Shared_Map
    1:     0.0000
    2:     0.0000
    3:     0.0000
    4:     0.0000
    5:     0.0000
   ---           
45565:    54.7501
45566:    54.7501
45567:    54.7501
45568:    54.7501
45569:    54.7501

[[22]]
            POS  deCODE COMBINED_LD  YRI_LD  CEU_LD  AA_Map African_Enriched
    1: 16051347  0.0000      0.0000  0.0000  0.0000  0.0000           0.0000
    2: 16052618  0.0000      0.0099  0.0083  0.0163  0.0000           0.0000
    3: 16053624  0.0000      0.0177  0.0148  0.0293  0.0000           0.0000
    4: 16053659  0.0000      0.0179  0.0151  0.0297  0.0000           0.0000
    5: 16053758  0.0000      0.0187  0.0157  0.0310  0.0000           0.0000
   ---                                                                      
46446: 51217134 55.5922     73.6005 75.6968 72.5384 68.9516          67.8206
46447: 51219006 55.5922     73.6017 75.6982 72.5398 68.9516          67.8206
46448: 51222100 55.5922     73.6037 75.7006 72.5421 68.9516          67.8206
46449: 51223637 55.5922     73.6047 75.7018 72.5433 68.9516          67.8206
46450: 51229805 55.5922     73.6088 75.7068 72.5479 68.9516          67.8206
       Shared_Map
    1:     0.0000
    2:     0.0000
    3:     0.0000
    4:     0.0000
    5:     0.0000
   ---           
46446:    54.8248
46447:    54.8248
46448:    54.8248
46449:    54.8248
46450:    54.8248

[[1]]
              POS   deCODE COMBINED_LD   YRI_LD   CEU_LD   AA_Map
     1:     82571   0.0000      0.0000   0.0000   0.0000   0.0000
     2:     88169   0.0000      0.0000   0.0000   0.0000   0.0000
     3:    564598   0.0000      0.0007   0.0000   0.0000   0.0000
     4:    564621   0.0000      0.0007   0.0000   0.0000   0.0000
     5:    565433   0.0000      0.0007   0.0000   0.0000   0.0000
    ---                                                          
254003: 249208615 262.0083    278.0848 280.7061 273.6289 285.8845
254004: 249209140 262.0083    278.0852 280.7067 273.6291 285.8845
254005: 249210707 262.0083    278.0861 280.7088 273.6298 285.8845
254006: 249218281 262.0083    278.0908 280.7186 273.6329 285.8845
254007: 249218650 262.0083    278.0911 280.7190 273.6330 285.8845
        African_Enriched Shared_Map RATE_cM_Mb     MAP_cM CHR      POS2
     1:           0.0000     0.0000   2.082414   0.080572   1     82571
     2:           0.0000     0.0000   2.081358   0.092229   1     88169
     3:           0.0000     0.0000   2.887498   1.478148   1    564598
     4:           0.0000     0.0000   2.885864   1.478214   1    564621
     5:           0.0000     0.0000   2.883892   1.480558   1    565433
    ---                                                                
254003:         252.3249   262.1018   0.776555 286.271175   1 249208615
254004:         252.3249   262.1018   0.776264 286.271582   1 249209140
254005:         252.3249   262.1018   0.779451 286.272799   1 249210707
254006:         252.3249   262.1018   0.784443 286.278702   1 249218281
254007:         252.3249   262.1018   0.709445 286.278992   1 249218650

[[2]]
              POS   deCODE COMBINED_LD   YRI_LD   CEU_LD   AA_Map
     1:     12994   0.0000      0.0000   0.0000   0.0000   0.0000
     2:     15491   0.0000      0.0008   0.0015   0.0010   0.0000
     3:     15672   0.0000      0.0009   0.0016   0.0011   0.0000
     4:     15703   0.0000      0.0009   0.0016   0.0011   0.0000
     5:     16111   0.0000      0.0010   0.0019   0.0012   0.0000
    ---                                                          
283342: 243048524 244.0365    263.4476 263.8955 267.6797 271.0751
283343: 243048760 244.0365    263.4476 263.8956 267.6797 271.0751
283344: 243052331 244.0365    263.4480 263.8964 267.6801 271.0751
283345: 243061510 244.0365    263.4492 263.8986 267.6811 271.0751
283346: 243090997 244.0365    263.4546 263.9056 267.6849 271.0751
        African_Enriched Shared_Map RATE_cM_Mb     MAP_cM CHR      POS2
     1:           0.0000     0.0000   0.339408   0.000000   2     12994
     2:           0.0000     0.0000   0.336057   0.000848   2     15491
     3:           0.0000     0.0000   0.308424   0.000908   2     15672
     4:           0.0000     0.0000   0.273441   0.000918   2     15703
     5:           0.0000     0.0000   0.232868   0.001029   2     16111
    ---                                                                
283342:         246.1225   244.6571   0.122849 268.832728   2 243048524
283343:         246.1225   244.6571   0.133203 268.832757   2 243048760
283344:         246.1225   244.6571   0.136364 268.833233   2 243052331
283345:         246.1225   244.6571   0.174241 268.834484   2 243061510
283346:         246.1225   244.6571   0.000000 268.839622   2 243090997

[[3]]
              POS  deCODE COMBINED_LD   YRI_LD   CEU_LD   AA_Map
     1:     61113   0.000      0.0000   0.0000   0.0000   0.0000
     2:     61495   0.000      0.0008   0.0004   0.0008   0.0000
     3:     62226   0.000      0.0016   0.0010   0.0022   0.0000
     4:     62309   0.000      0.0016   0.0011   0.0024   0.0000
     5:     62614   0.000      0.0019   0.0014   0.0028   0.0000
    ---                                                         
219841: 197848125 209.976    224.5497 220.2249 223.0070 226.7325
219842: 197863599 209.976    224.5564 220.2266 223.0158 226.7325
219843: 197870963 209.976    224.5926 220.3263 223.0200 226.7325
219844: 197871081 209.976    224.5934 220.3279 223.0201 226.7325
219845: 197874528 209.976    224.6176 220.3743 223.0221 226.7325
        African_Enriched Shared_Map RATE_cM_Mb     MAP_cM CHR      POS2
     1:           0.0000     0.0000   2.699484   0.000000   3     61113
     2:           0.0000     0.0000   0.980191   0.001031   3     61495
     3:           0.0000     0.0000   0.854964   0.001748   3     62226
     4:           0.0000     0.0000   0.766304   0.001819   3     62309
     5:           0.0000     0.0000   0.591360   0.002052   3     62614
    ---                                                                
219841:         197.9439   212.3154   1.746993 223.263675   3 197848125
219842:         197.9439   212.3154   6.192360 223.290708   3 197863599
219843:         197.9439   212.3154   6.978134 223.336309   3 197870963
219844:         197.9439   212.3154   6.951771 223.337132   3 197871081
219845:         197.9439   212.3154   0.000000 223.361095   3 197874528

[[4]]
              POS   deCODE COMBINED_LD   YRI_LD   CEU_LD  AA_Map
     1:     18584   0.0000      0.0000   0.0000   0.0000   0.000
     2:     27565   0.0000      0.0141   0.0378   0.0026   0.000
     3:     27762   0.0000      0.0144   0.0386   0.0026   0.000
     4:     27955   0.0000      0.0148   0.0396   0.0027   0.000
     5:     28313   0.0000      0.0155   0.0416   0.0028   0.000
    ---                                                         
207953: 190976712 197.4801    213.0454 213.7321 213.3107 211.979
207954: 190981961 197.4801    213.0493 213.7410 213.3128 211.979
207955: 190986077 197.4801    213.0524 213.7479 213.3144 211.979
207956: 191015335 197.4801    213.0796 213.7918 213.3250 211.979
207957: 191028578 197.4801    213.1866 213.8140 213.5168 211.979
        African_Enriched Shared_Map RATE_cM_Mb     MAP_cM CHR      POS2
     1:           0.0000     0.0000   0.849372   0.001123   4     18584
     2:           0.0000     0.0000   0.849373   0.008752   4     27565
     3:           0.0000     0.0000   0.981656   0.008919   4     27762
     4:           0.0000     0.0000   0.981247   0.009108   4     27955
     5:           0.0000     0.0000   0.981622   0.009460   4     28313
    ---                                                                
207953:         186.4646   197.2296   1.333550 214.599408   4 190976712
207954:         186.4646   197.2296   1.333265 214.606408   4 190981961
207955:         186.4646   197.2296   1.923688 214.611895   4 190986077
207956:         186.4646   197.2296   2.009291 214.661693   4 191015335
207957:         186.4646   197.2296   2.595726 214.688302   4 191028578

[[5]]
              POS   deCODE COMBINED_LD   YRI_LD   CEU_LD  AA_Map
     1:     25452   0.0000      0.0000   0.0408   0.0000   0.000
     2:     26366   0.0000      0.0001   0.0409   0.0001   0.000
     3:     28949   0.0000      0.0002   0.0411   0.0003   0.000
     4:     33799   0.0000      0.0005   0.0414   0.0008   0.000
     5:     35000   0.0000      0.0005   0.0415   0.0009   0.000
    ---                                                         
212196: 180711115 189.5841    203.9796 205.0144 202.0769 205.458
212197: 180714439 189.5841    203.9800 205.0146 202.0773 205.458
212198: 180715221 189.5841    203.9810 205.0146 202.0782 205.458
212199: 180715547 189.5841    203.9814 205.0146 202.0786 205.458
212200: 180715810 189.5841    203.9817 205.0146 202.0789 205.458
        African_Enriched Shared_Map RATE_cM_Mb     MAP_cM CHR      POS2
     1:           0.0000     0.0000   0.028186   0.038077   5     25452
     2:           0.0000     0.0000   0.026702   0.038103   5     26366
     3:           0.0000     0.0000   0.026441   0.038172   5     28949
     4:           0.0000     0.0000   0.026603   0.038300   5     33799
     5:           0.0000     0.0000   0.026883   0.038332   5     35000
    ---                                                                
212196:         179.2673   191.3517   0.082949 204.086916   5 180711115
212197:         179.2673   191.3517   1.594197 204.087191   5 180714439
212198:         179.2673   191.3517   1.561103 204.088438   5 180715221
212199:         179.2673   191.3517   1.559063 204.088947   5 180715547
212200:         179.2673   191.3517   0.000000 204.089357   5 180715810

[[6]]
              POS   deCODE COMBINED_LD   YRI_LD   CEU_LD   AA_Map
     1:    150272   0.0000      0.0004   0.1937   0.0000   0.0000
     2:    152749   0.0000      0.0019   0.1941   0.0001   0.0000
     3:    153500   0.0000      0.0024   0.1942   0.0001   0.0000
     4:    154536   0.0000      0.0030   0.1944   0.0001   0.0000
     5:    154694   0.0000      0.0031   0.1944   0.0002   0.0000
    ---                                                          
231201: 170919470 174.7508    193.0150 197.8303 188.0318 195.2875
231202: 170985833 174.7508    193.0208 197.8470 188.0323 195.2875
231203: 170985837 174.7508    193.0208 197.8470 188.0323 195.2875
231204: 171009449 174.7508    193.0210 197.8470 188.0325 195.2875
231205: 171011218 174.7508    193.0210 197.8470 188.0325 195.2875
        African_Enriched Shared_Map RATE_cM_Mb     MAP_cM CHR      POS2
     1:           0.0000     0.0000   3.584674   0.159196   6    150272
     2:           0.0000     0.0000   3.946973   0.168075   6    152749
     3:           0.0000     0.0000   3.869467   0.171039   6    153500
     4:           0.0000     0.0000   1.765103   0.175048   6    154536
     5:           0.0000     0.0000   1.719887   0.175327   6    154694
    ---                                                                
231201:         176.2302   176.9832   0.079683 192.033136   6 170919470
231202:         176.2302   176.9832   0.079704 192.038424   6 170985833
231203:         176.2302   176.9832   0.005382 192.038424   6 170985837
231204:         176.2302   176.9832   0.005382 192.038551   6 171009449
231205:         176.2302   176.9832   0.005981 192.038561   6 171011218

[[7]]
              POS   deCODE COMBINED_LD   YRI_LD   CEU_LD  AA_Map
     1:     35411   0.0000      0.0000   0.0000   0.0000   0.000
     2:     40483   0.0000      0.0035   0.0000   0.0046   0.000
     3:     40852   0.0000      0.0038   0.0003   0.0049   0.000
     4:     41421   0.0000      0.0042   0.0008   0.0054   0.000
     5:     41892   0.0000      0.0046   0.0012   0.0058   0.000
    ---                                                         
181363: 159119486 172.3561    186.9311 185.3152 186.0653 187.351
181364: 159125187 172.3561    186.9404 185.3329 186.0733 187.351
181365: 159125560 172.3561    186.9501 185.3341 186.0987 187.351
181366: 159126632 172.3561    186.9903 185.3341 186.1717 187.351
181367: 159126774 172.3561    186.9957 185.3341 186.1813 187.351
        African_Enriched Shared_Map RATE_cM_Mb     MAP_cM CHR      POS2
     1:           0.0000     0.0000   0.482009   0.000021   7     35411
     2:           0.0000     0.0000   0.598191   0.002466   7     40483
     3:           0.0000     0.0000   0.599253   0.002687   7     40852
     4:           0.0000     0.0000   0.592293   0.003028   7     41421
     5:           0.0000     0.0000   0.591345   0.003307   7     41892
    ---                                                                
181363:         166.6362   172.3051   1.571912 187.152447   7 159119486
181364:         166.6362   172.3051  27.760223 187.161408   7 159125187
181365:         166.6362   172.3051  40.152060 187.171763   7 159125560
181366:         166.6362   172.3051  40.101383 187.214806   7 159126632
181367:         166.6362   172.3051   0.000000 187.220500   7 159126774

[[8]]
              POS   deCODE COMBINED_LD   YRI_LD   CEU_LD   AA_Map
     1:    165982   0.0000      0.0000   0.0000   0.0008   0.0000
     2:    166322   0.0000      0.0001   0.0002   0.0009   0.0000
     3:    168012   0.0000      0.0007   0.0009   0.0015   0.0000
     4:    168484   0.0000      0.0008   0.0011   0.0017   0.0000
     5:    176818   0.0000      0.0031   0.0042   0.0046   0.0000
    ---                                                          
188696: 146293086 156.5281    170.2186 172.2664 165.6291 171.7022
188697: 146293414 156.5281    170.2187 172.2667 165.6292 171.7022
188698: 146295666 156.5281    170.2193 172.2680 165.6296 171.7022
188699: 146300287 156.5281    170.2204 172.2705 165.6305 171.7022
188700: 146300622 156.5281    170.2205 172.2707 165.6305 171.7022
        African_Enriched Shared_Map RATE_cM_Mb     MAP_cM CHR      POS2
     1:           0.0000      0.000   0.467017   0.000714   8    165982
     2:           0.0000      0.000   0.397503   0.000872   8    166322
     3:           0.0000      0.000   0.368214   0.001531   8    168012
     4:           0.0000      0.000   0.328160   0.001705   8    168484
     5:           0.0000      0.000   0.335161   0.004443   8    176818
    ---                                                                
188696:         153.2189    157.278   0.365515 168.001362   8 146293086
188697:         153.2189    157.278   0.189985 168.001482   8 146293414
188698:         153.2189    157.278   0.190654 168.001910   8 146295666
188699:         153.2189    157.278   0.337787 168.002901   8 146300287
188700:         153.2189    157.278   0.801269 168.003014   8 146300622

[[9]]
              POS   deCODE COMBINED_LD   YRI_LD   CEU_LD   AA_Map
     1:     40910   0.0000      0.0000   0.0000   0.0000   0.0000
     2:     46431   0.0000      0.0107   0.0068   0.0146   0.0000
     3:     46587   0.0000      0.0109   0.0070   0.0151   0.0000
     4:     47123   0.0000      0.0116   0.0076   0.0165   0.0000
     5:     48515   0.0000      0.0135   0.0091   0.0202   0.0000
    ---                                                          
156448: 141087366 146.2886    168.3101 161.2016 162.3467 161.1372
156449: 141088413 146.2886    168.3113 161.2044 162.3472 161.1372
156450: 141088641 146.2886    168.3115 161.2049 162.3473 161.1372
156451: 141108111 146.2886    168.3324 161.2558 162.3544 161.1372
156452: 141109979 146.2886    168.3353 161.2607 162.3553 161.1372
        African_Enriched Shared_Map RATE_cM_Mb     MAP_cM CHR      POS2
     1:           0.0000     0.0000   5.326823   0.000000   9     40910
     2:           0.0000     0.0000   3.618885   0.029409   9     46431
     3:           0.0000     0.0000   3.649626   0.029974   9     46587
     4:           0.0000     0.0000   3.653733   0.031930   9     47123
     5:           0.0000     0.0000   1.849597   0.037016   9     48515
    ---                                                                
156448:         145.6492   145.6394   0.733670 166.342717   9 141087366
156449:         145.6492   145.6394   0.714014 166.343485   9 141088413
156450:         145.6492   145.6394   0.703842 166.343648   9 141088641
156451:         145.6492   145.6394   1.058778 166.357351   9 141108111
156452:         145.6492   145.6394   0.000000 166.359329   9 141109979

[[10]]
              POS   deCODE COMBINED_LD   YRI_LD   CEU_LD   AA_Map
     1:     72765   0.0000      0.0000   0.0000   0.0000   0.0000
     2:     94172   0.0000      0.0027   0.0020   0.0034   0.0000
     3:     94426   0.0000      0.0027   0.0020   0.0034   0.0000
     4:     95949   0.0000      0.0030   0.0021   0.0036   0.0000
     5:     98087   0.0000      0.0033   0.0023   0.0040   0.0000
    ---                                                          
168411: 135443104 160.4082    179.1411 178.8942 174.9445 178.0272
168412: 135446808 160.4082    179.1567 178.9372 174.9478 178.0272
168413: 135447971 160.4082    179.1616 178.9507 174.9489 178.0272
168414: 135499163 160.4082    179.3798 179.5452 174.9990 178.0272
168415: 135499327 160.4082    179.3816 179.5471 175.0007 178.0272
        African_Enriched Shared_Map RATE_cM_Mb     MAP_cM CHR      POS2
     1:           0.0000     0.0000   0.124459   0.000000  10     72765
     2:           0.0000     0.0000   0.160359   0.002664  10     94172
     3:           0.0000     0.0000   0.158828   0.002705  10     94426
     4:           0.0000     0.0000   0.158845   0.002947  10     95949
     5:           0.0000     0.0000   0.158922   0.003287  10     98087
    ---                                                                
168411:         160.5453   160.5828   3.266764 180.943813  10 135443104
168412:         160.5453   160.5828   3.279045 180.955913  10 135446808
168413:         160.5453   160.5828   3.294459 180.959726  10 135447971
168414:         160.5453   160.5828   5.906078 181.128376  10 135499163
168415:         160.5453   160.5828   3.358621 181.129345  10 135499327

[[11]]
              POS   deCODE COMBINED_LD   YRI_LD   CEU_LD   AA_Map
     1:    198510   0.0000      0.0000   0.0000   0.0000   0.0000
     2:    199256   0.0000      0.0009   0.0000   0.0009   0.0000
     3:    200289   0.0000      0.0044   0.0079   0.0021   0.0000
     4:    200308   0.0000      0.0044   0.0080   0.0021   0.0000
     5:    201027   0.0000      0.0072   0.0145   0.0029   0.0000
    ---                                                          
166762: 134944606 143.8831    159.5385 160.8674 161.0182 161.5338
166763: 134944770 143.8831    159.5386 160.8674 161.0183 161.5338
166764: 134945308 143.8831    159.5390 160.8674 161.0185 161.5338
166765: 134945373 143.8831    159.5391 160.8674 161.0185 161.5338
166766: 134945522 143.8831    159.5392 160.8674 161.0186 161.5338
        African_Enriched Shared_Map RATE_cM_Mb     MAP_cM CHR      POS2
     1:           0.0000     0.0000   1.122313   0.000421  11    198510
     2:           0.0000     0.0000   3.226134   0.001259  11    199256
     3:           0.0000     0.0000   3.394278   0.004591  11    200289
     4:           0.0000     0.0000   3.587192   0.004656  11    200308
     5:           0.0000     0.0000   3.595832   0.007235  11    201027
    ---                                                                
166762:         146.1758   144.5215   0.606214 158.218158  11 134944606
166763:         146.1758   144.5215   0.521380 158.218258  11 134944770
166764:         146.1758   144.5215   0.520008 158.218538  11 134945308
166765:         146.1758   144.5215   0.523320 158.218572  11 134945373
166766:         146.1758   144.5215   0.000000 158.218650  11 134945522

[[12]]
              POS   deCODE COMBINED_LD   YRI_LD   CEU_LD   AA_Map
     1:    154654   0.0000      0.0000   0.0032   0.0000   0.0000
     2:    155658   0.0000      0.0013   0.0037   0.0000   0.0000
     3:    157737   0.0000      0.0092   0.0048   0.0180   0.0000
     4:    162755   0.0000      0.0281   0.0074   0.0616   0.0000
     5:    170646   0.0000      0.0579   0.0116   0.1301   0.0000
    ---                                                          
163276: 133777838 156.4082    172.9953 170.7862 168.6893 171.3229
163277: 133777956 156.4082    172.9953 170.7862 168.6893 171.3229
163278: 133778166 156.4082    172.9953 170.7862 168.6893 171.3229
163279: 133778684 156.4082    172.9953 170.7862 168.6893 171.3229
163280: 133778796 156.4082    172.9953 170.7862 168.6893 171.3229
        African_Enriched Shared_Map RATE_cM_Mb     MAP_cM CHR      POS2
     1:           0.0000     0.0000   2.319747   0.005415  12    154654
     2:           0.0000     0.0000   4.435188   0.007744  12    155658
     3:           0.0000     0.0000   4.436663   0.016965  12    157737
     4:           0.0000     0.0000   4.440512   0.039228  12    162755
     5:           0.0000     0.0000   4.464943   0.074317  12    170646
    ---                                                                
163276:         154.2724   155.4156   0.014335 174.679008  12 133777838
163277:         154.2724   155.4156   0.014358 174.679010  12 133777956
163278:         154.2724   155.4156   0.014480 174.679013  12 133778166
163279:         154.2724   155.4156   0.022578 174.679021  12 133778684
163280:         154.2724   155.4156   0.000000 174.679023  12 133778796

[[13]]
              POS   deCODE COMBINED_LD   YRI_LD   CEU_LD   AA_Map
     1:  19031308   0.0000      0.0000   0.0000   0.0000   0.0000
     2:  19034212   0.0000      0.0023   0.0000   0.0009   0.0000
     3:  19045626   0.0000      0.0154   0.0321   0.0044   0.0000
     4:  19046705   0.0000      0.0166   0.0351   0.0047   0.0000
     5:  19053094   0.0000      0.0240   0.0533   0.0067   0.0000
    ---                                                          
134790: 115103150 119.3445    127.2313 129.0134 125.8665 130.3025
134791: 115103529 119.3445    127.2313 129.0135 125.8665 130.3025
134792: 115104241 119.3445    127.2314 129.0137 125.8666 130.3025
134793: 115105448 119.3445    127.2322 129.0158 125.8666 130.3025
134794: 115106996 119.3445    127.2331 129.0184 125.8667 130.3025
        African_Enriched Shared_Map RATE_cM_Mb     MAP_cM CHR      POS2
     1:           0.0000     0.0000   1.552978   0.027534  13  19031308
     2:           0.0000     0.0000   0.425180   0.032044  13  19034212
     3:           0.0000     0.0000   0.551526   0.036897  13  19045626
     4:           0.0000     0.0000   0.559875   0.037492  13  19046705
     5:           0.0000     0.0000   0.586310   0.041069  13  19053094
    ---                                                                
134790:         116.2569   119.4519   0.119211 125.704447  13 115103150
134791:         116.2569   119.4519   0.119480 125.704493  13 115103529
134792:         116.2569   119.4519   0.634465 125.704578  13 115104241
134793:         116.2569   119.4519   0.628084 125.705344  13 115105448
134794:         116.2569   119.4519   0.000000 125.706316  13 115106996

[[14]]
              POS   deCODE COMBINED_LD   YRI_LD   CEU_LD   AA_Map
     1:  19619850   0.0000      0.0000   0.0000   0.0000   0.0000
     2:  19789146   0.0000      0.0002   0.0000   0.0000   0.0000
     3:  19789574   0.0000      0.0002   0.0000   0.0030   0.0000
     4:  19971095   0.0000      0.0004   0.0000   0.0030   0.0000
     5:  20148498   0.0000      0.0005   0.0000   0.0030   0.0000
    ---                                                          
106757: 107286044 104.8348    117.1088 115.0001 118.8895 116.2683
106758: 107286267 104.8348    117.1089 115.0003 118.8896 116.2683
106759: 107286497 104.8348    117.1090 115.0005 118.8898 116.2683
106760: 107287663 104.8348    117.1097 115.0014 118.8908 116.2683
106761: 107288377 104.8348    117.1102 115.0019 118.8914 116.2683
        African_Enriched Shared_Map RATE_cM_Mb     MAP_cM CHR      POS2
     1:           0.0000     0.0000   2.758648   0.000000  14  19619850
     2:           0.0000     0.0000   2.767203   0.467028  14  19789146
     3:           0.0000     0.0000   2.766860   0.468212  14  19789574
     4:           0.0000     0.0000   2.764046   0.970456  14  19971095
     5:           0.0000     0.0000   2.762211   1.460806  14  20148498
    ---                                                                
106757:         106.6331   104.0492   0.548629 120.201282  14 107286044
106758:         106.6331   104.0492   0.551590 120.201405  14 107286267
106759:         106.6331   104.0492   0.557479 120.201532  14 107286497
106760:         106.6331   104.0492   0.562706 120.202182  14 107287663
106761:         106.6331   104.0492   0.000000 120.202583  14 107288377

[[15]]
             POS   deCODE COMBINED_LD   YRI_LD   CEU_LD   AA_Map
    1:  20049831   0.0000      0.0000   0.0000   0.0011   0.0000
    2:  20055634   0.0000      0.0006   0.0010   0.0013   0.0000
    3:  20071673   0.0000      0.0021   0.0038   0.0018   0.0000
    4:  20071765   0.0000      0.0021   0.0038   0.0018   0.0000
    5:  20078165   0.0000      0.0028   0.0050   0.0022   0.0000
   ---                                                          
92063: 102398060 110.9368    131.4320 128.3208 131.6466 122.2307
92064: 102398213 110.9368    131.4322 128.3210 131.6467 122.2307
92065: 102398631 110.9368    131.4327 128.3217 131.6471 122.2307
92066: 102505839 110.9368    131.4328 128.3217 131.6471 122.2307
92067: 102506108 110.9368    131.4340 128.3217 131.6488 122.2307
       African_Enriched Shared_Map RATE_cM_Mb     MAP_cM CHR      POS2
    1:           0.0000     0.0000   0.093872   0.002784  15  20049831
    2:           0.0000     0.0000   0.093912   0.003329  15  20055634
    3:           0.0000     0.0000   0.093949   0.004835  15  20071673
    4:           0.0000     0.0000   0.094013   0.004844  15  20071765
    5:           0.0000     0.0000   0.094048   0.005445  15  20078165
   ---                                                                
92063:         113.1579   108.7705   1.040952 141.345939  15 102398060
92064:         113.1579   108.7705   1.104644 141.346098  15 102398213
92065:         113.1579   108.7705   4.779436 141.346560  15 102398631
92066:         113.1579   108.7705   4.777602 141.858953  15 102505839
92067:         113.1579   108.7705   0.000000 141.860238  15 102506108

[[16]]
            POS   deCODE COMBINED_LD   YRI_LD   CEU_LD   AA_Map
    1:    84170   0.0000      0.0000   0.0000   0.0000   0.0000
    2:    85057   0.0000      0.0005   0.0008   0.0002   0.0000
    3:    85065   0.0000      0.0005   0.0008   0.0002   0.0000
    4:    85561   0.0000      0.0007   0.0013   0.0004   0.0000
    5:    85658   0.0000      0.0008   0.0014   0.0004   0.0000
   ---                                                         
92368: 90161292 118.6893    134.9893 128.2769 133.6182 128.8821
92369: 90161979 118.6893    134.9901 128.2779 133.6193 128.8821
92370: 90162733 118.6893    134.9910 128.2791 133.6206 128.8821
92371: 90163275 118.6893    134.9916 128.2799 133.6215 128.8821
92372: 90163588 118.6893    134.9920 128.2804 133.6221 128.8821
       African_Enriched Shared_Map RATE_cM_Mb     MAP_cM CHR     POS2
    1:           0.0000     0.0000   0.496493   0.000048  16    84170
    2:           0.0000     0.0000   0.496790   0.000489  16    85057
    3:           0.0000     0.0000   0.490654   0.000492  16    85065
    4:           0.0000     0.0000   0.488585   0.000736  16    85561
    5:           0.0000     0.0000   0.488783   0.000783  16    85658
   ---                                                               
92368:         116.7938   117.7451   1.093075 134.035187  16 90161292
92369:         116.7938   117.7451   1.086322 134.035938  16 90161979
92370:         116.7938   117.7451   1.127292 134.036757  16 90162733
92371:         116.7938   117.7451   1.144804 134.037368  16 90163275
92372:         116.7938   117.7451   0.000000 134.037726  16 90163588

[[17]]
            POS   deCODE COMBINED_LD   YRI_LD   CEU_LD   AA_Map
    1:    13043   0.0000      0.0000   0.0000   0.0000   0.0000
    2:    41084   0.0000      0.1040   0.0000   0.1406   0.0000
    3:    51088   0.0000      0.1413   0.0000   0.1908   0.0000
    4:    52467   0.0000      0.1448   0.0002   0.1977   0.0000
    5:    53011   0.0000      0.1461   0.0003   0.2004   0.0000
   ---                                                         
74027: 81035823 119.6197    129.4341 124.6062 126.9496 132.2927
74028: 81036344 119.6197    129.4352 124.6079 126.9506 132.2927
74029: 81041077 119.6197    129.4552 124.6316 126.9826 132.2927
74030: 81043909 119.6197    129.4672 124.6458 127.0018 132.2927
74031: 81045269 119.6197    129.4752 124.6526 127.0111 132.2927
       African_Enriched Shared_Map RATE_cM_Mb     MAP_cM CHR     POS2
    1:           0.0000     0.0000   3.745829   0.000000  17    13043
    2:           0.0000     0.0000   3.748065   0.105037  17    41084
    3:           0.0000     0.0000   2.578174   0.142532  17    51088
    4:           0.0000     0.0000   2.573723   0.146088  17    52467
    5:           0.0000     0.0000   2.532886   0.147488  17    53011
   ---                                                               
74027:         117.6974   119.3022   1.860777 128.456026  17 81035823
74028:         117.6974   119.3022   3.538117 128.456995  17 81036344
74029:         117.6974   119.3022   3.549586 128.473741  17 81041077
74030:         117.6974   119.3022   4.952810 128.483793  17 81043909
74031:         117.6974   119.3022   0.000000 128.490529  17 81045269

[[18]]
             POS   deCODE COMBINED_LD   YRI_LD   CEU_LD   AA_Map
     1:    11523   0.0000      0.0000   0.0000   0.0000   0.0000
     2:    11543   0.0000      0.0001   0.0001   0.0001   0.0000
     3:    11816   0.0000      0.0029   0.0017   0.0013   0.0000
     4:    12092   0.0000      0.0057   0.0034   0.0025   0.0000
     5:    12183   0.0000      0.0066   0.0040   0.0029   0.0000
    ---                                                         
101376: 78011963 105.7834    119.5602 121.3004 116.4910 120.6684
101377: 78012929 105.7834    119.5607 121.3016 116.4912 120.6684
101378: 78014320 105.7834    119.5614 121.3032 116.4914 120.6684
101379: 78014582 105.7834    119.5615 121.3035 116.4915 120.6684
101380: 78015180 105.7834    119.5619 121.3042 116.4916 120.6684
        African_Enriched Shared_Map RATE_cM_Mb     MAP_cM CHR     POS2
     1:           0.0000     0.0000   4.913878   0.000000  18    11523
     2:           0.0000     0.0000   6.288042   0.000098  18    11543
     3:           0.0000     0.0000   6.356876   0.001815  18    11816
     4:           0.0000     0.0000   6.598017   0.003569  18    12092
     5:           0.0000     0.0000   7.287963   0.004170  18    12183
    ---                                                               
101376:         109.9926   106.5141   0.510474 117.707178  18 78011963
101377:         109.9926   106.5141   0.523490 117.707671  18 78012929
101378:         109.9926   106.5141   0.551272 117.708400  18 78014320
101379:         109.9926   106.5141   0.633247 117.708544  18 78014582
101380:         109.9926   106.5141   0.000000 117.708923  18 78015180

[[19]]
            POS deCODE COMBINED_LD  YRI_LD   CEU_LD   AA_Map African_Enriched
    1:   253938  0.000      0.0000  0.0000   0.0000   0.0000           0.0000
    2:   256859  0.000      0.0005  0.0002   0.0011   0.0000           0.0000
    3:   259772  0.000      0.0010  0.0004   0.0022   0.0000           0.0000
    4:   260970  0.000      0.0012  0.0005   0.0027   0.0000           0.0000
    5:   261033  0.000      0.0012  0.0005   0.0027   0.0000           0.0000
   ---                                                                       
46183: 59087479 93.034    107.8703 99.7575 112.6534 103.0875          93.2992
46184: 59087551 93.034    107.8703 99.7575 112.6534 103.0875          93.2992
46185: 59089792 93.034    107.8706 99.7578 112.6537 103.0875          93.2992
46186: 59093239 93.034    107.8714 99.7583 112.6553 103.0875          93.2992
46187: 59096950 93.034    107.8724 99.7589 112.6570 103.0875          93.2992
       Shared_Map RATE_cM_Mb     MAP_cM CHR     POS2
    1:     0.0000   0.154179   0.000000  19   253938
    2:     0.0000   0.154528   0.000450  19   256859
    3:     0.0000   0.154530   0.000900  19   259772
    4:     0.0000   0.154697   0.001086  19   260970
    5:     0.0000   0.154888   0.001095  19   261033
   ---                                              
46183:    91.1299   0.161945 107.731551  19 59087479
46184:    91.1299   0.194184 107.731562  19 59087551
46185:    91.1299   0.248777 107.731997  19 59089792
46186:    91.1299   0.251643 107.732855  19 59093239
46187:    91.1299   0.272828 107.733789  19 59096950

[[20]]
            POS  deCODE COMBINED_LD   YRI_LD   CEU_LD   AA_Map African_Enriched
    1:    61795  0.0000      0.0000   0.0000   0.0000   0.0000           0.0000
    2:    63231  0.0000      0.0011   0.0007   0.0003   0.0000           0.0000
    3:    63244  0.0000      0.0011   0.0007   0.0003   0.0000           0.0000
    4:    63799  0.0000      0.0015   0.0009   0.0005   0.0000           0.0000
    5:    64150  0.0000      0.0018   0.0011   0.0006   0.0000           0.0000
   ---                                                                         
81721: 62911229 83.6206    108.0719 107.5679 109.7550 107.5669         110.5202
81722: 62911343 83.6206    108.0720 107.5680 109.7551 107.5669         110.5202
81723: 62911391 83.6206    108.0720 107.5681 109.7552 107.5669         110.5202
81724: 62912463 83.6206    108.0730 107.5697 109.7560 107.5669         110.5202
81725: 62915231 83.6206    108.0751 107.5739 109.7572 107.5669         110.5202
       Shared_Map RATE_cM_Mb     MAP_cM CHR     POS2
    1:      0.000   0.735716   0.000000  20    61795
    2:      0.000   0.734243   0.001056  20    63231
    3:      0.000   0.734147   0.001066  20    63244
    4:      0.000   0.734513   0.001473  20    63799
    5:      0.000   0.742335   0.001731  20    64150
   ---                                              
81721:     83.037   0.699656 108.212170  20 62911229
81722:     83.037   0.800806 108.212250  20 62911343
81723:     83.037   0.948073 108.212289  20 62911391
81724:     83.037   0.785065 108.213305  20 62912463
81725:     83.037   1.503945 108.215478  20 62915231

[[21]]
            POS  deCODE COMBINED_LD  YRI_LD  CEU_LD  AA_Map African_Enriched
    1: 10865933  0.0000      0.0000  0.0000  0.0000  0.0000           0.0000
    2: 10906723  0.0000      0.0418  0.0383  0.0126  0.0000           0.0000
    3: 10906915  0.0000      0.0420  0.0385  0.0127  0.0000           0.0000
    4: 10906989  0.0000      0.0420  0.0386  0.0127  0.0000           0.0000
    5: 10907208  0.0000      0.0421  0.0387  0.0128  0.0000           0.0000
   ---                                                                      
44054: 48089527 54.7931     62.2834 63.2650 64.9819 65.6602          62.9329
44055: 48090629 54.7931     62.2843 63.2666 64.9823 65.6602          62.9329
44056: 48095858 54.7931     62.2888 63.2743 64.9861 65.6602          62.9329
44057: 48097610 54.7931     62.2926 63.2768 64.9944 65.6602          62.9329
44058: 48100155 54.7931     62.2981 63.2804 65.0064 65.6602          62.9329
       Shared_Map RATE_cM_Mb    MAP_cM CHR     POS2
    1:     0.0000   1.291620  0.000000  21 10865933
    2:     0.0000   0.496586  0.052685  21 10906723
    3:     0.0000   0.424224  0.052781  21 10906915
    4:     0.0000   0.419481  0.052812  21 10906989
    5:     0.0000   0.416909  0.052904  21 10907208
   ---                                             
44054:    54.7501   0.767268 62.771445  21 48089527
44055:    54.7501   0.899327 62.772290  21 48090629
44056:    54.7501   2.205359 62.776993  21 48095858
44057:    54.7501   2.208893 62.780857  21 48097610
44058:    54.7501   0.000000 62.786478  21 48100155

[[22]]
            POS  deCODE COMBINED_LD  YRI_LD  CEU_LD  AA_Map African_Enriched
    1: 16051347  0.0000      0.0000  0.0000  0.0000  0.0000           0.0000
    2: 16052618  0.0000      0.0099  0.0083  0.0163  0.0000           0.0000
    3: 16053624  0.0000      0.0177  0.0148  0.0293  0.0000           0.0000
    4: 16053659  0.0000      0.0179  0.0151  0.0297  0.0000           0.0000
    5: 16053758  0.0000      0.0187  0.0157  0.0310  0.0000           0.0000
   ---                                                                      
44483: 51216564 55.5922     73.6001 75.6963 72.5380 68.9516          67.8206
44484: 51217134 55.5922     73.6005 75.6968 72.5384 68.9516          67.8206
44485: 51222100 55.5922     73.6037 75.7006 72.5421 68.9516          67.8206
44486: 51223637 55.5922     73.6047 75.7018 72.5433 68.9516          67.8206
44487: 51229805 55.5922     73.6088 75.7068 72.5479 68.9516          67.8206
       Shared_Map RATE_cM_Mb    MAP_cM CHR     POS2
    1:     0.0000   8.096992  0.000000  22 16051347
    2:     0.0000   8.131520  0.010291  22 16052618
    3:     0.0000   8.131967  0.018472  22 16053624
    4:     0.0000   8.132625  0.018756  22 16053659
    5:     0.0000   8.129606  0.019561  22 16053758
   ---                                             
44483:    54.8248   0.644309 74.100959  22 51216564
44484:    54.8248   0.643938 74.101326  22 51217134
44485:    54.8248   0.648707 74.104524  22 51222100
44486:    54.8248   0.655239 74.105521  22 51223637
44487:    54.8248   0.000000 74.109562  22 51229805

loading done
starting chr 1 
starting chr 2 
starting chr 3 
starting chr 4 
starting chr 5 
starting chr 6 
starting chr 7 
starting chr 8 
starting chr 9 
starting chr 10 
starting chr 11 
starting chr 12 
starting chr 13 
starting chr 14 
starting chr 15 
starting chr 16 
starting chr 17 
starting chr 18 
starting chr 19 
starting chr 20 
starting chr 21 
starting chr 22 
checkpoint
q1 done
q2 done
q3 done
q4 done
Error in gzfile(file, mode) : cannot open the connection
Calls: saveRDS -> gzfile
In addition: Warning message:
In gzfile(file, mode) :
  cannot open compressed file '../output/prs_pennBB_eur_10000_AA.Rds', probable reason 'No such file or directory'
Execution halted
